<component name="libraryTable">
  <library name="junit-jupiter-api-5.7.2">
    <CLASSES>
      <root url="jar://$PROJECT_DIR$/Jars/junit-jupiter-api-5.7.2.jar!/" />
      <root url="jar://$PROJECT_DIR$/Jars/junit-jupiter-engine-5.7.2.jar!/" />
      <root url="jar://$PROJECT_DIR$/Jars/junit-platform-commons-1.10.0.jar!/" />
      <root url="jar://$PROJECT_DIR$/Jars/junit-platform-launcher-1.10.0.jar!/" />
      <root url="jar://$PROJECT_DIR$/Jars/junit-platform-engine-1.10.0.jar!/" />
      <root url="jar://$PROJECT_DIR$/Jars/opentest4j-1.3.0.jar!/" />
    </CLASSES>
    <JAVADOC />
    <SOURCES />
  </library>
</component>